2022/06/22 21:21:22 {"callers":["D:/WorkSpace/Go_Module_projects/TourOfGo/blog-service/demo.go: 25 main.init.0"],"level":"info","message":"eddycjy: go-programming-tour-book/blog-service","time":1655904082104225500}
2022/06/29 11:16:26 {"callers":["D:/WorkSpace/Go_Module_projects/TourOfGo/blog-service/demo.go: 25 main.init.0"],"level":"info","message":"eddycjy: go-programming-tour-book/blog-service","time":1656472586437928500}
2022/06/29 11:21:27 {"callers":["D:/WorkSpace/Go_Module_projects/TourOfGo/blog-service/demo.go: 25 main.init.0"],"level":"info","message":"eddycjy: go-programming-tour-book/blog-service","time":1656472887227877100}
2022/06/29 11:23:42 {"callers":["D:/WorkSpace/Go_Module_projects/TourOfGo/blog-service/demo.go: 25 main.init.0"],"level":"info","message":"eddycjy: go-programming-tour-book/blog-service","time":1656473022999369900}
2022/06/29 11:28:31 {"callers":["D:/WorkSpace/Go_Module_projects/TourOfGo/blog-service/demo.go: 25 main.init.0"],"level":"info","message":"eddycjy: go-programming-tour-book/blog-service","time":1656473311750662300}
2022/06/29 11:35:14 {"callers":["D:/WorkSpace/Go_Module_projects/TourOfGo/blog-service/demo.go: 25 main.init.0"],"level":"info","message":"eddycjy: go-programming-tour-book/blog-service","time":1656473714155182800}
2022/06/29 11:49:49 {"callers":["D:/WorkSpace/Go_Module_projects/TourOfGo/blog-service/demo.go: 25 main.init.0"],"level":"info","message":"eddycjy: go-programming-tour-book/blog-service","time":1656474589923074500}
2022/06/30 11:24:21 {"callers":["D:/WorkSpace/Go_Module_projects/TourOfGo/blog-service/main.go: 25 main.init.0"],"level":"info","message":"eddycjy: go-programming-tour-book/blog-service","time":1656559461576788600}
2022/06/30 11:50:29 {"callers":["D:/WorkSpace/Go_Module_projects/TourOfGo/blog-service/main.go: 25 main.init.0"],"level":"info","message":"eddycjy: go-programming-tour-book/blog-service","time":1656561029689824700}
2022/06/30 14:58:26 {"callers":["D:/WorkSpace/Go_Module_projects/TourOfGo/blog-service/main.go: 25 main.init.0"],"level":"info","message":"eddycjy: go-programming-tour-book/blog-service","time":1656572306918578500}
2022/06/30 14:58:44 {"callers":["D:/WorkSpace/Go_Module_projects/TourOfGo/blog-service/main.go: 25 main.init.0"],"level":"info","message":"eddycjy: go-programming-tour-book/blog-service","time":1656572324168276700}
2022/06/30 15:03:45 {"callers":["D:/WorkSpace/Go_Module_projects/TourOfGo/blog-service/main.go: 25 main.init.0"],"level":"info","message":"eddycjy: go-programming-tour-book/blog-service","time":1656572625236600200}
2022/06/30 15:05:25 {"callers":["D:/WorkSpace/Go_Module_projects/TourOfGo/blog-service/main.go: 25 main.init.0"],"level":"info","message":"eddycjy: go-programming-tour-book/blog-service","time":1656572725418253900}
2022/06/30 15:06:04 {"callers":["D:/WorkSpace/Go_Module_projects/TourOfGo/blog-service/main.go: 25 main.init.0"],"level":"info","message":"eddycjy: go-programming-tour-book/blog-service","time":1656572764612740100}
2022/06/30 15:08:32 {"callers":["D:/WorkSpace/Go_Module_projects/TourOfGo/blog-service/main.go: 25 main.init.0"],"level":"info","message":"eddycjy: go-programming-tour-book/blog-service","time":1656572912638972000}
2022/06/30 15:12:25 {"callers":["D:/WorkSpace/Go_Module_projects/TourOfGo/blog-service/main.go: 25 main.init.0"],"level":"info","message":"eddycjy: go-programming-tour-book/blog-service","time":1656573145390470100}
2022/06/30 15:15:09 {"callers":["D:/WorkSpace/Go_Module_projects/TourOfGo/blog-service/main.go: 25 main.init.0"],"level":"info","message":"eddycjy: go-programming-tour-book/blog-service","time":1656573309987137500}
2022/06/30 15:17:18 {"callers":["D:/WorkSpace/Go_Module_projects/TourOfGo/blog-service/main.go: 25 main.init.0"],"level":"info","message":"eddycjy: go-programming-tour-book/blog-service","time":1656573438598010800}
2022/06/30 15:23:01 {"callers":["D:/WorkSpace/Go_Module_projects/TourOfGo/blog-service/main.go: 25 main.init.0"],"level":"info","message":"eddycjy: go-programming-tour-book/blog-service","time":1656573781984375300}
2022/06/30 15:30:23 {"callers":["D:/WorkSpace/Go_Module_projects/TourOfGo/blog-service/main.go: 25 main.init.0"],"level":"info","message":"eddycjy: go-programming-tour-book/blog-service","time":1656574223735211100}
2022/06/30 15:30:28 {"callers":["D:/WorkSpace/Go_Module_projects/TourOfGo/blog-service/main.go: 25 main.init.0"],"level":"error","message":"app.BindAndValid errs: ","time":1656574228195890600}
2022/06/30 15:30:37 {"callers":["D:/WorkSpace/Go_Module_projects/TourOfGo/blog-service/main.go: 25 main.init.0"],"level":"error","message":"app.BindAndValid errs: State必须是[0 1]中的一个","time":1656574237254536300}
2022/06/30 15:30:48 {"callers":["D:/WorkSpace/Go_Module_projects/TourOfGo/blog-service/main.go: 25 main.init.0"],"level":"error","message":"app.BindAndValid errs: State必须是[0 1]中的一个","time":1656574248343095200}
2022/06/30 15:30:56 {"callers":["D:/WorkSpace/Go_Module_projects/TourOfGo/blog-service/main.go: 25 main.init.0"],"level":"error","message":"app.BindAndValid errs: State必须是[0 1]中的一个","time":1656574256487647900}
2022/07/01 11:01:42 {"callers":["D:/WorkSpace/Go_Module_projects/TourOfGo/blog-service/main.go: 25 main.init.0"],"level":"info","message":"eddycjy: go-programming-tour-book/blog-service","time":1656644502182143900}
2022/07/01 17:49:50 {"callers":["D:/WorkSpace/Go_Module_projects/TourOfGo/blog-service/main.go: 25 main.init.0"],"level":"info","message":"eddycjy: go-programming-tour-book/blog-service","time":1656668990688389500}
2022/07/01 17:59:10 {"callers":["D:/WorkSpace/Go_Module_projects/TourOfGo/blog-service/main.go: 25 main.init.0"],"level":"error","message":"app.BindAndValid errs: CreatedBy为必填字段,Name为必填字段","time":1656669550243628700}
2022/07/01 18:00:32 {"callers":["D:/WorkSpace/Go_Module_projects/TourOfGo/blog-service/main.go: 25 main.init.0"],"level":"error","message":"app.BindAndValid errs: Name为必填字段,CreatedBy为必填字段","time":1656669632037844700}
2022/07/01 18:01:13 {"callers":["D:/WorkSpace/Go_Module_projects/TourOfGo/blog-service/main.go: 25 main.init.0"],"level":"info","message":"eddycjy: go-programming-tour-book/blog-service","time":1656669673338476200}
2022/07/01 18:01:20 {"callers":["D:/WorkSpace/Go_Module_projects/TourOfGo/blog-service/main.go: 25 main.init.0"],"level":"error","message":"app.BindAndValid errs: Name为必填字段,CreatedBy为必填字段","time":1656669680379748200}
2022/07/01 18:05:18 {"callers":["D:/WorkSpace/Go_Module_projects/TourOfGo/blog-service/main.go: 25 main.init.0"],"level":"error","message":"app.BindAndValid errs: CreatedBy为必填字段,Name为必填字段","time":1656669918351255200}
2022/07/01 18:08:49 {"callers":["D:/WorkSpace/Go_Module_projects/TourOfGo/blog-service/main.go: 25 main.init.0"],"level":"error","message":"app.BindAndValid errs: Name为必填字段,CreatedBy为必填字段","time":1656670129677019900}
2022/07/01 18:11:39 {"callers":["D:/WorkSpace/Go_Module_projects/TourOfGo/blog-service/main.go: 25 main.init.0"],"level":"error","message":"app.BindAndValid errs: Name长度必须至少为3个字符","time":1656670299337894000}
2022/07/01 18:11:54 {"callers":["D:/WorkSpace/Go_Module_projects/TourOfGo/blog-service/main.go: 25 main.init.0"],"level":"error","message":"svc.CreateTag err: Error 1054: Unknown column 'created_by' in 'field list'","time":1656670314469481600}
2022/07/01 18:28:58 {"callers":["D:/WorkSpace/Go_Module_projects/TourOfGo/blog-service/main.go: 25 main.init.0"],"level":"info","message":"eddycjy: go-programming-tour-book/blog-service","time":1656671338312534000}
2022/07/01 18:29:05 {"callers":["D:/WorkSpace/Go_Module_projects/TourOfGo/blog-service/main.go: 25 main.init.0"],"level":"info","message":"eddycjy: go-programming-tour-book/blog-service","time":1656671345786279800}
2022/07/01 18:29:12 {"callers":["D:/WorkSpace/Go_Module_projects/TourOfGo/blog-service/main.go: 25 main.init.0"],"level":"error","message":"svc.CreateTag err: Error 1054: Unknown column 'created_by' in 'field list'","time":1656671352971194900}
2022/07/01 18:31:09 {"callers":["D:/WorkSpace/Go_Module_projects/TourOfGo/blog-service/main.go: 25 main.init.0"],"level":"info","message":"eddycjy: go-programming-tour-book/blog-service","time":1656671469247670500}
2022/07/01 18:47:29 {"callers":["D:/WorkSpace/Go_Module_projects/TourOfGo/blog-service/main.go: 25 main.init.0"],"level":"info","message":"eddycjy: go-programming-tour-book/blog-service","time":1656672449350556400}
2022/07/01 19:17:29 {"callers":["D:/WorkSpace/Go_Module_projects/TourOfGo/blog-service/main.go: 25 main.init.0"],"level":"error","message":"app.BindAndValid errs: ID为必填字段","time":1656674249439276100}
2022/07/02 10:14:12 {"callers":["D:/WorkSpace/Go_Module_projects/TourOfGo/blog-service/main.go: 25 main.init.0"],"level":"info","message":"eddycjy: go-programming-tour-book/blog-service","time":1656728052630877400}
2022/07/02 10:23:27 {"callers":["D:/WorkSpace/Go_Module_projects/TourOfGo/blog-service/main.go: 25 main.init.0"],"level":"info","message":"eddycjy: go-programming-tour-book/blog-service","time":1656728607732356300}
